<?xml version="1.0" encoding="UTF-8"?>
<!-- Generated by org.testng.reporters.JUnitReportReporter -->
<testsuite hostname="5Cs-MacBook-Air.local" failures="0" tests="1" name="com.automation.FirstTest" time="0.003" errors="0" timestamp="2025-08-21T18:37:07 IST" skipped="0">
  <testcase classname="com.automation.FirstTest" name="testMethod" time="0.003"/>
</testsuite> <!-- com.automation.FirstTest -->
